2026-02-15 02:47:45,928 DEBUG: Attempting to send verification email to hamzi207@gmail.com
2026-02-15 02:47:46,062 DEBUG: Initializing EmailService. Key present: True
2026-02-15 02:47:46,062 DEBUG: Key value (first 4): your
2026-02-15 02:47:46,062 \u26a0\ufe0f  Email service disabled. Key: your_resend_api_key_here
2026-02-15 02:47:46,063 DEBUG: Email sent result: False
2026-02-15 02:49:25,544 DEBUG: Attempting to send verification email to hamzi207@gmail.com
2026-02-15 02:49:25,545 DEBUG: Email sent result: False
2026-02-15 02:50:04,366 DEBUG: Attempting to send verification email to hamzi207@gmail.com
2026-02-15 02:50:04,507 DEBUG: Initializing EmailService. Key present: True
2026-02-15 02:50:04,507 DEBUG: Key value (first 4): your
2026-02-15 02:50:04,507 \u26a0\ufe0f  Email service disabled. Key: your_resend_api_key_here
2026-02-15 02:50:04,508 DEBUG: Email sent result: False
2026-02-15 02:51:16,900 DEBUG: Attempting to send verification email to hamzi207@gmail.com
2026-02-15 02:51:17,017 DEBUG: Initializing EmailService. Key present: True
2026-02-15 02:51:17,017 DEBUG: Key value (first 4): re_c
2026-02-15 02:51:17,017 \u2705 Email service initialized (Resend)
2026-02-15 02:51:17,019 Starting new HTTPS connection (1): api.resend.com:443
2026-02-15 02:51:17,907 https://api.resend.com:443 "POST /emails HTTP/1.1" 200 None
2026-02-15 02:51:17,910 \u2705 Verification email sent to hamzi207@gmail.com (ID: f6778ae9-28b2-4bb0-9dde-b8c79391f7df)
2026-02-15 02:51:17,910 DEBUG: Email sent result: True
2026-02-15 02:56:53,765 --- BACKEND STARTING ---
2026-02-15 02:56:54,136 DEBUG: Loading auth.py module
2026-02-15 02:57:28,405 --- BACKEND STARTING ---
2026-02-15 02:57:29,047 DEBUG: Loading auth.py module
2026-02-15 02:58:41,624 --- BACKEND STARTING ---
2026-02-15 02:58:42,063 DEBUG: Loading auth.py module
2026-02-15 02:59:08,406 DEBUG: Attempting to send verification email to hamzi207@gmail.com
2026-02-15 02:59:08,554 DEBUG: Initializing EmailService. Key present: True
2026-02-15 02:59:08,555 DEBUG: Key value (first 4): re_c
2026-02-15 02:59:08,555 \u2705 Email service initialized (Resend)
2026-02-15 02:59:08,556 Starting new HTTPS connection (1): api.resend.com:443
2026-02-15 02:59:09,171 https://api.resend.com:443 "POST /emails HTTP/1.1" 200 None
2026-02-15 02:59:09,173 \u2705 Verification email sent to hamzi207@gmail.com (ID: 897dedc2-dc2b-44e1-ab4e-4da8c92ed20c)
2026-02-15 02:59:09,173 DEBUG: Email sent result: True
2026-02-15 03:01:21,300 --- BACKEND STARTING ---
2026-02-15 03:01:21,793 DEBUG: Loading auth.py module
2026-02-15 03:01:23,543 --- BACKEND STARTING ---
2026-02-15 03:01:23,957 DEBUG: Loading auth.py module
2026-02-15 03:01:46,068 --- BACKEND STARTING ---
2026-02-15 03:01:46,461 DEBUG: Loading auth.py module
2026-02-15 03:01:58,476 --- BACKEND STARTING ---
2026-02-15 03:01:58,823 DEBUG: Loading auth.py module
2026-02-15 03:02:33,631 Calling on_part_begin with no data
2026-02-15 03:02:33,631 Calling on_header_field with data[42:61]
2026-02-15 03:02:33,632 Calling on_header_value with data[63:89]
2026-02-15 03:02:33,632 Calling on_header_end with no data
2026-02-15 03:02:33,632 Calling on_headers_finished with no data
2026-02-15 03:02:33,632 Calling on_part_data with data[93:111]
2026-02-15 03:02:33,632 Calling on_part_end with no data
2026-02-15 03:02:33,632 Calling on_part_begin with no data
2026-02-15 03:02:33,632 Calling on_header_field with data[155:174]
2026-02-15 03:02:33,632 Calling on_header_value with data[176:202]
2026-02-15 03:02:33,632 Calling on_header_end with no data
2026-02-15 03:02:33,632 Calling on_headers_finished with no data
2026-02-15 03:02:33,632 Calling on_part_data with data[206:216]
2026-02-15 03:02:33,633 Calling on_part_end with no data
2026-02-15 03:02:33,633 Calling on_end with no data
2026-02-15 03:03:03,898 DEBUG: Attempting to send verification email to hamzi207@gmail.com
2026-02-15 03:03:04,103 DEBUG: Initializing EmailService. Key present: True
2026-02-15 03:03:04,103 DEBUG: Key value (first 4): re_c
2026-02-15 03:03:04,103 \u2705 Email service initialized (Resend)
2026-02-15 03:03:04,107 Starting new HTTPS connection (1): api.resend.com:443
2026-02-15 03:03:05,085 https://api.resend.com:443 "POST /emails HTTP/1.1" 200 None
2026-02-15 03:03:05,087 \u2705 Verification email sent to hamzi207@gmail.com (ID: 08077330-49b7-44ff-a154-ec54c9025127)
2026-02-15 03:03:05,087 DEBUG: Email sent result: True
2026-02-15 03:06:05,399 --- BACKEND STARTING ---
2026-02-15 03:06:06,081 DEBUG: Loading auth.py module
2026-02-15 03:06:34,735 --- BACKEND STARTING ---
2026-02-15 03:06:35,196 DEBUG: Loading auth.py module
2026-02-15 03:07:06,460 DEBUG: Attempting to send verification email to hamzi207@gmail.com
2026-02-15 03:07:06,600 DEBUG: Initializing EmailService. Key present: True
2026-02-15 03:07:06,601 DEBUG: Key value (first 4): re_c
2026-02-15 03:07:06,601 \u2705 Email service initialized (Resend)
2026-02-15 03:07:06,603 Starting new HTTPS connection (1): api.resend.com:443
2026-02-15 03:07:07,287 https://api.resend.com:443 "POST /emails HTTP/1.1" 200 None
2026-02-15 03:07:07,289 \u2705 Verification email sent to hamzi207@gmail.com (ID: 959fafe2-89f4-4c15-b47c-6cf16fc688f0)
2026-02-15 03:07:07,289 DEBUG: Email sent result: True
2026-02-15 03:10:35,586 --- BACKEND STARTING ---
2026-02-15 03:10:36,118 DEBUG: Loading auth.py module
2026-02-15 03:10:45,545 --- BACKEND STARTING ---
2026-02-15 03:10:45,955 DEBUG: Loading auth.py module
2026-02-15 03:10:47,640 --- BACKEND STARTING ---
2026-02-15 03:10:48,052 DEBUG: Loading auth.py module
2026-02-15 03:11:05,741 --- BACKEND STARTING ---
2026-02-15 03:11:06,135 DEBUG: Loading auth.py module
2026-02-15 03:11:12,437 --- BACKEND STARTING ---
2026-02-15 03:11:12,787 DEBUG: Loading auth.py module
2026-02-15 03:11:57,125 Calling on_part_begin with no data
2026-02-15 03:11:57,125 Calling on_header_field with data[42:61]
2026-02-15 03:11:57,125 Calling on_header_value with data[63:89]
2026-02-15 03:11:57,125 Calling on_header_end with no data
2026-02-15 03:11:57,125 Calling on_headers_finished with no data
2026-02-15 03:11:57,126 Calling on_part_data with data[93:111]
2026-02-15 03:11:57,126 Calling on_part_end with no data
2026-02-15 03:11:57,126 Calling on_part_begin with no data
2026-02-15 03:11:57,126 Calling on_header_field with data[155:174]
2026-02-15 03:11:57,126 Calling on_header_value with data[176:202]
2026-02-15 03:11:57,126 Calling on_header_end with no data
2026-02-15 03:11:57,126 Calling on_headers_finished with no data
2026-02-15 03:11:57,126 Calling on_part_data with data[206:216]
2026-02-15 03:11:57,126 Calling on_part_end with no data
2026-02-15 03:11:57,126 Calling on_end with no data
2026-02-15 03:12:01,995 DEBUG: Attempting to send verification email to hamzi207@gmail.com
2026-02-15 03:12:02,176 DEBUG: Initializing EmailService. Key present: True
2026-02-15 03:12:02,177 DEBUG: Key value (first 4): re_c
2026-02-15 03:12:02,177 \u2705 Email service initialized (Resend)
2026-02-15 03:12:02,180 Starting new HTTPS connection (1): api.resend.com:443
2026-02-15 03:12:03,076 https://api.resend.com:443 "POST /emails HTTP/1.1" 200 None
2026-02-15 03:12:03,079 \u2705 Verification email sent to hamzi207@gmail.com (ID: 9d952cbc-7aba-4fc7-85db-95583639957a)
2026-02-15 03:12:03,079 DEBUG: Email sent result: True
2026-02-15 03:16:08,098 --- BACKEND STARTING ---
2026-02-15 03:16:08,639 DEBUG: Loading auth.py module
2026-02-15 03:16:15,093 --- BACKEND STARTING ---
2026-02-15 03:16:15,815 DEBUG: Loading auth.py module
2026-02-15 03:17:04,871 DEBUG: Attempting to send verification email to hamzi207@gmail.com
2026-02-15 03:17:05,183 DEBUG: Initializing EmailService. Key present: True
2026-02-15 03:17:05,184 DEBUG: Key value (first 4): re_c
2026-02-15 03:17:05,184 \u2705 Email service initialized (Resend)
2026-02-15 03:17:05,188 Starting new HTTPS connection (1): api.resend.com:443
2026-02-15 03:17:06,615 https://api.resend.com:443 "POST /emails HTTP/1.1" 200 None
2026-02-15 03:17:06,617 \u2705 Verification email sent to hamzi207@gmail.com (ID: 328e6c79-623e-4a56-a654-f3f6b61e675b)
2026-02-15 03:17:06,617 DEBUG: Email sent result: True
2026-02-15 03:18:36,127 --- BACKEND STARTING ---
2026-02-15 03:18:36,679 DEBUG: Loading auth.py module
2026-02-15 03:18:41,427 --- BACKEND STARTING ---
2026-02-15 03:18:41,864 DEBUG: Loading auth.py module
2026-02-15 03:19:14,332 DEBUG: Attempting to send verification email to hamzi207@gmail.com
2026-02-15 03:19:14,453 DEBUG: Initializing EmailService. Key present: True
2026-02-15 03:19:14,453 DEBUG: Key value (first 4): re_c
2026-02-15 03:19:14,453 \u2705 Email service initialized (Resend)
2026-02-15 03:19:14,455 Starting new HTTPS connection (1): api.resend.com:443
2026-02-15 03:19:15,330 https://api.resend.com:443 "POST /emails HTTP/1.1" 200 None
2026-02-15 03:19:15,332 \u2705 Verification email sent to hamzi207@gmail.com (ID: 9287bdf5-77b5-4b37-a9e4-105a55b622b6)
2026-02-15 03:19:15,332 DEBUG: Email sent result: True
2026-02-15 03:22:08,938 --- BACKEND STARTING ---
2026-02-15 03:22:09,421 DEBUG: Loading auth.py module
2026-02-15 03:22:17,368 --- BACKEND STARTING ---
2026-02-15 03:22:19,039 DEBUG: Loading auth.py module
2026-02-15 03:22:35,841 DEBUG: Attempting to send verification email to hamzi207@gmail.com
2026-02-15 03:22:36,040 DEBUG: Initializing EmailService. Key present: True
2026-02-15 03:22:36,040 DEBUG: Key value (first 4): re_c
2026-02-15 03:22:36,040 \u2705 Email service initialized (Resend)
2026-02-15 03:22:36,044 Starting new HTTPS connection (1): api.resend.com:443
2026-02-15 03:22:37,372 https://api.resend.com:443 "POST /emails HTTP/1.1" 200 None
2026-02-15 03:22:37,374 \u2705 Verification email sent to hamzi207@gmail.com (ID: 691595de-9ad3-4284-a4df-bc3090d36efb)
2026-02-15 03:22:37,374 DEBUG: Email sent result: True
2026-02-15 03:24:45,008 --- BACKEND STARTING ---
2026-02-15 03:24:45,576 DEBUG: Loading auth.py module
2026-02-15 03:24:49,491 --- BACKEND STARTING ---
2026-02-15 03:24:49,942 DEBUG: Loading auth.py module
2026-02-15 03:26:13,118 --- BACKEND STARTING ---
2026-02-15 03:26:13,545 DEBUG: Loading auth.py module
2026-02-15 03:26:17,921 --- BACKEND STARTING ---
2026-02-15 03:26:18,345 DEBUG: Loading auth.py module
2026-02-15 03:32:01,476 --- BACKEND STARTING ---
2026-02-15 03:32:01,913 DEBUG: Loading auth.py module
2026-02-15 03:35:42,611 Calling on_part_begin with no data
2026-02-15 03:35:42,615 Calling on_header_field with data[42:61]
2026-02-15 03:35:42,615 Calling on_header_value with data[63:89]
2026-02-15 03:35:42,615 Calling on_header_end with no data
2026-02-15 03:35:42,616 Calling on_headers_finished with no data
2026-02-15 03:35:42,616 Calling on_part_data with data[93:111]
2026-02-15 03:35:42,616 Calling on_part_end with no data
2026-02-15 03:35:42,616 Calling on_part_begin with no data
2026-02-15 03:35:42,616 Calling on_header_field with data[155:174]
2026-02-15 03:35:42,616 Calling on_header_value with data[176:202]
2026-02-15 03:35:42,616 Calling on_header_end with no data
2026-02-15 03:35:42,616 Calling on_headers_finished with no data
2026-02-15 03:35:42,616 Calling on_part_data with data[206:216]
2026-02-15 03:35:42,616 Calling on_part_end with no data
2026-02-15 03:35:42,616 Calling on_end with no data
2026-02-15 03:39:55,062 Calling on_part_begin with no data
2026-02-15 03:39:55,062 Calling on_header_field with data[42:61]
2026-02-15 03:39:55,062 Calling on_header_value with data[63:118]
2026-02-15 03:39:55,062 Calling on_header_end with no data
2026-02-15 03:39:55,062 Calling on_header_field with data[120:132]
2026-02-15 03:39:55,062 Calling on_header_value with data[134:142]
2026-02-15 03:39:55,062 Calling on_header_end with no data
2026-02-15 03:39:55,062 Calling on_headers_finished with no data
2026-02-15 03:39:55,063 Calling on_part_data with data[146:2388]
2026-02-15 03:39:55,064 Calling on_part_end with no data
2026-02-15 03:39:55,064 Calling on_end with no data
2026-02-15 03:40:33,298 Calling on_part_begin with no data
2026-02-15 03:40:33,299 Calling on_header_field with data[42:61]
2026-02-15 03:40:33,299 Calling on_header_value with data[63:89]
2026-02-15 03:40:33,299 Calling on_header_end with no data
2026-02-15 03:40:33,299 Calling on_headers_finished with no data
2026-02-15 03:40:33,299 Calling on_part_data with data[93:111]
2026-02-15 03:40:33,299 Calling on_part_end with no data
2026-02-15 03:40:33,299 Calling on_part_begin with no data
2026-02-15 03:40:33,299 Calling on_header_field with data[155:174]
2026-02-15 03:40:33,299 Calling on_header_value with data[176:202]
2026-02-15 03:40:33,299 Calling on_header_end with no data
2026-02-15 03:40:33,299 Calling on_headers_finished with no data
2026-02-15 03:40:33,299 Calling on_part_data with data[206:216]
2026-02-15 03:40:33,299 Calling on_part_end with no data
2026-02-15 03:40:33,299 Calling on_end with no data
2026-02-15 03:42:17,303 Calling on_field_start with no data
2026-02-15 03:42:17,304 Calling on_field_name with data[0:8]
2026-02-15 03:42:17,304 Calling on_field_data with data[9:32]
2026-02-15 03:42:17,304 Calling on_field_end with no data
2026-02-15 03:42:17,304 Calling on_field_start with no data
2026-02-15 03:42:17,304 Calling on_field_name with data[33:41]
2026-02-15 03:42:17,304 Calling on_field_data with data[42:53]
2026-02-15 03:42:17,304 Calling on_field_end with no data
2026-02-15 03:42:17,304 Calling on_end with no data
2026-02-15 03:42:37,838 DEBUG: Attempting to send verification email to debug_1771123355@test.com
2026-02-15 03:42:38,022 DEBUG: Initializing EmailService. Key present: True
2026-02-15 03:42:38,022 DEBUG: Key value (first 4): re_c
2026-02-15 03:42:38,023 \u2705 Email service initialized (Resend)
2026-02-15 03:42:38,025 Starting new HTTPS connection (1): api.resend.com:443
2026-02-15 03:42:39,293 https://api.resend.com:443 "POST /emails HTTP/1.1" 403 None
2026-02-15 03:42:39,297 \u274c Failed to send verification email to debug_1771123355@test.com: You can only send testing emails to your own email address (hamzi207@gmail.com). To send emails to other recipients, please verify a domain at resend.com/domains, and change the `from` address to an email using this domain.
2026-02-15 03:42:39,302 Traceback (most recent call last):
  File "D:\SpicedProjects\Projects\productlogik\backend\services\email_service.py", line 562, in send_verification_email
    response = resend.Emails.send(params)
  File "C:\Users\Hamza Latif\AppData\Local\Programs\Python\Python313\Lib\site-packages\resend\emails\_emails.py", line 277, in send
    ).perform_with_content()
      ~~~~~~~~~~~~~~~~~~~~^^
  File "C:\Users\Hamza Latif\AppData\Local\Programs\Python\Python313\Lib\site-packages\resend\request.py", line 44, in perform_with_content
    resp = self.perform()
  File "C:\Users\Hamza Latif\AppData\Local\Programs\Python\Python313\Lib\site-packages\resend\request.py", line 35, in perform
    raise_for_code_and_type(
    ~~~~~~~~~~~~~~~~~~~~~~~^
        code=data.get("statusCode") or 500,
        ^^^^^^^^^^^^^^^^^^^^^^^^^^^^^^^^^^^
        message=data.get("message", "Unknown error"),
        ^^^^^^^^^^^^^^^^^^^^^^^^^^^^^^^^^^^^^^^^^^^^^
        error_type=data.get("name", "InternalServerError"),
        ^^^^^^^^^^^^^^^^^^^^^^^^^^^^^^^^^^^^^^^^^^^^^^^^^^^
    )
    ^
  File "C:\Users\Hamza Latif\AppData\Local\Programs\Python\Python313\Lib\site-packages\resend\exceptions.py", line 247, in raise_for_code_and_type
    raise ResendError(
        code=code, message=message, error_type=error_type, suggested_action=""
    )
resend.exceptions.ResendError: You can only send testing emails to your own email address (hamzi207@gmail.com). To send emails to other recipients, please verify a domain at resend.com/domains, and change the `from` address to an email using this domain.

2026-02-15 03:42:39,303 DEBUG: Email sent result: False
2026-02-15 03:44:04,128 --- BACKEND STARTING ---
2026-02-15 03:44:04,519 DEBUG: Loading auth.py module
2026-02-15 03:44:15,538 DEBUG: Attempting to send verification email to debug_1771123453@test.com
2026-02-15 03:44:15,650 DEBUG: Initializing EmailService. Key present: True
2026-02-15 03:44:15,650 DEBUG: Key value (first 4): re_c
2026-02-15 03:44:15,650 \u2705 Email service initialized (Resend)
2026-02-15 03:44:15,652 Starting new HTTPS connection (1): api.resend.com:443
2026-02-15 03:44:16,876 https://api.resend.com:443 "POST /emails HTTP/1.1" 403 None
2026-02-15 03:44:16,879 \u274c Failed to send verification email to debug_1771123453@test.com: You can only send testing emails to your own email address (hamzi207@gmail.com). To send emails to other recipients, please verify a domain at resend.com/domains, and change the `from` address to an email using this domain.
2026-02-15 03:44:16,883 Traceback (most recent call last):
  File "D:\SpicedProjects\Projects\productlogik\backend\services\email_service.py", line 562, in send_verification_email
    response = resend.Emails.send(params)
  File "C:\Users\Hamza Latif\AppData\Local\Programs\Python\Python313\Lib\site-packages\resend\emails\_emails.py", line 277, in send
    ).perform_with_content()
      ~~~~~~~~~~~~~~~~~~~~^^
  File "C:\Users\Hamza Latif\AppData\Local\Programs\Python\Python313\Lib\site-packages\resend\request.py", line 44, in perform_with_content
    resp = self.perform()
  File "C:\Users\Hamza Latif\AppData\Local\Programs\Python\Python313\Lib\site-packages\resend\request.py", line 35, in perform
    raise_for_code_and_type(
    ~~~~~~~~~~~~~~~~~~~~~~~^
        code=data.get("statusCode") or 500,
        ^^^^^^^^^^^^^^^^^^^^^^^^^^^^^^^^^^^
        message=data.get("message", "Unknown error"),
        ^^^^^^^^^^^^^^^^^^^^^^^^^^^^^^^^^^^^^^^^^^^^^
        error_type=data.get("name", "InternalServerError"),
        ^^^^^^^^^^^^^^^^^^^^^^^^^^^^^^^^^^^^^^^^^^^^^^^^^^^
    )
    ^
  File "C:\Users\Hamza Latif\AppData\Local\Programs\Python\Python313\Lib\site-packages\resend\exceptions.py", line 247, in raise_for_code_and_type
    raise ResendError(
        code=code, message=message, error_type=error_type, suggested_action=""
    )
resend.exceptions.ResendError: You can only send testing emails to your own email address (hamzi207@gmail.com). To send emails to other recipients, please verify a domain at resend.com/domains, and change the `from` address to an email using this domain.

2026-02-15 03:44:16,883 DEBUG: Email sent result: False
2026-02-15 03:44:40,619 --- BACKEND STARTING ---
2026-02-15 03:44:41,053 DEBUG: Loading auth.py module
2026-02-15 03:44:50,572 DEBUG: Attempting to send verification email to debug_1771123488@test.com
2026-02-15 03:44:50,687 DEBUG: Initializing EmailService. Key present: True
2026-02-15 03:44:50,688 DEBUG: Key value (first 4): re_c
2026-02-15 03:44:50,688 \u2705 Email service initialized (Resend)
2026-02-15 03:44:50,690 Starting new HTTPS connection (1): api.resend.com:443
2026-02-15 03:44:51,729 https://api.resend.com:443 "POST /emails HTTP/1.1" 403 None
2026-02-15 03:44:51,732 \u274c Failed to send verification email to debug_1771123488@test.com: You can only send testing emails to your own email address (hamzi207@gmail.com). To send emails to other recipients, please verify a domain at resend.com/domains, and change the `from` address to an email using this domain.
2026-02-15 03:44:51,736 Traceback (most recent call last):
  File "D:\SpicedProjects\Projects\productlogik\backend\services\email_service.py", line 562, in send_verification_email
    response = resend.Emails.send(params)
  File "C:\Users\Hamza Latif\AppData\Local\Programs\Python\Python313\Lib\site-packages\resend\emails\_emails.py", line 277, in send
    ).perform_with_content()
      ~~~~~~~~~~~~~~~~~~~~^^
  File "C:\Users\Hamza Latif\AppData\Local\Programs\Python\Python313\Lib\site-packages\resend\request.py", line 44, in perform_with_content
    resp = self.perform()
  File "C:\Users\Hamza Latif\AppData\Local\Programs\Python\Python313\Lib\site-packages\resend\request.py", line 35, in perform
    raise_for_code_and_type(
    ~~~~~~~~~~~~~~~~~~~~~~~^
        code=data.get("statusCode") or 500,
        ^^^^^^^^^^^^^^^^^^^^^^^^^^^^^^^^^^^
        message=data.get("message", "Unknown error"),
        ^^^^^^^^^^^^^^^^^^^^^^^^^^^^^^^^^^^^^^^^^^^^^
        error_type=data.get("name", "InternalServerError"),
        ^^^^^^^^^^^^^^^^^^^^^^^^^^^^^^^^^^^^^^^^^^^^^^^^^^^
    )
    ^
  File "C:\Users\Hamza Latif\AppData\Local\Programs\Python\Python313\Lib\site-packages\resend\exceptions.py", line 247, in raise_for_code_and_type
    raise ResendError(
        code=code, message=message, error_type=error_type, suggested_action=""
    )
resend.exceptions.ResendError: You can only send testing emails to your own email address (hamzi207@gmail.com). To send emails to other recipients, please verify a domain at resend.com/domains, and change the `from` address to an email using this domain.

2026-02-15 03:44:51,736 DEBUG: Email sent result: False
2026-02-15 03:44:51,736 \u26a0\ufe0f Email failed to send, but creating user anyway for debugging
2026-02-15 03:44:53,932 Calling on_field_start with no data
2026-02-15 03:44:53,932 Calling on_field_name with data[0:8]
2026-02-15 03:44:53,932 Calling on_field_data with data[9:36]
2026-02-15 03:44:53,932 Calling on_field_end with no data
2026-02-15 03:44:53,932 Calling on_field_start with no data
2026-02-15 03:44:53,932 Calling on_field_name with data[37:45]
2026-02-15 03:44:53,932 Calling on_field_data with data[46:57]
2026-02-15 03:44:53,932 Calling on_field_end with no data
2026-02-15 03:44:53,932 Calling on_end with no data
2026-02-15 03:45:11,506 --- BACKEND STARTING ---
2026-02-15 03:45:12,004 DEBUG: Loading auth.py module
2026-02-15 03:46:00,186 --- BACKEND STARTING ---
2026-02-15 03:46:00,524 DEBUG: Loading auth.py module
2026-02-15 03:47:28,819 --- BACKEND STARTING ---
2026-02-15 03:47:29,179 DEBUG: Loading auth.py module
2026-02-15 03:48:44,341 DEBUG: Attempting to send verification email to cors_debug_1771123719@test.com
2026-02-15 03:48:44,440 DEBUG: Initializing EmailService. Key present: True
2026-02-15 03:48:44,440 DEBUG: Key value (first 4): re_c
2026-02-15 03:48:44,440 \u2705 Email service initialized (Resend)
2026-02-15 03:48:44,442 Starting new HTTPS connection (1): api.resend.com:443
2026-02-15 03:48:45,616 https://api.resend.com:443 "POST /emails HTTP/1.1" 403 None
2026-02-15 03:48:45,617 \u274c Failed to send verification email to cors_debug_1771123719@test.com: You can only send testing emails to your own email address (hamzi207@gmail.com). To send emails to other recipients, please verify a domain at resend.com/domains, and change the `from` address to an email using this domain.
2026-02-15 03:48:45,619 Traceback (most recent call last):
  File "D:\SpicedProjects\Projects\productlogik\backend\services\email_service.py", line 562, in send_verification_email
    response = resend.Emails.send(params)
  File "C:\Users\Hamza Latif\AppData\Local\Programs\Python\Python313\Lib\site-packages\resend\emails\_emails.py", line 277, in send
    ).perform_with_content()
      ~~~~~~~~~~~~~~~~~~~~^^
  File "C:\Users\Hamza Latif\AppData\Local\Programs\Python\Python313\Lib\site-packages\resend\request.py", line 44, in perform_with_content
    resp = self.perform()
  File "C:\Users\Hamza Latif\AppData\Local\Programs\Python\Python313\Lib\site-packages\resend\request.py", line 35, in perform
    raise_for_code_and_type(
    ~~~~~~~~~~~~~~~~~~~~~~~^
        code=data.get("statusCode") or 500,
        ^^^^^^^^^^^^^^^^^^^^^^^^^^^^^^^^^^^
        message=data.get("message", "Unknown error"),
        ^^^^^^^^^^^^^^^^^^^^^^^^^^^^^^^^^^^^^^^^^^^^^
        error_type=data.get("name", "InternalServerError"),
        ^^^^^^^^^^^^^^^^^^^^^^^^^^^^^^^^^^^^^^^^^^^^^^^^^^^
    )
    ^
  File "C:\Users\Hamza Latif\AppData\Local\Programs\Python\Python313\Lib\site-packages\resend\exceptions.py", line 247, in raise_for_code_and_type
    raise ResendError(
        code=code, message=message, error_type=error_type, suggested_action=""
    )
resend.exceptions.ResendError: You can only send testing emails to your own email address (hamzi207@gmail.com). To send emails to other recipients, please verify a domain at resend.com/domains, and change the `from` address to an email using this domain.

2026-02-15 03:48:45,619 DEBUG: Email sent result: False
2026-02-15 03:48:49,762 Calling on_field_start with no data
2026-02-15 03:48:49,762 Calling on_field_name with data[0:8]
2026-02-15 03:48:49,762 Calling on_field_data with data[9:41]
2026-02-15 03:48:49,762 Calling on_field_end with no data
2026-02-15 03:48:49,762 Calling on_field_start with no data
2026-02-15 03:48:49,762 Calling on_field_name with data[42:50]
2026-02-15 03:48:49,762 Calling on_field_data with data[51:62]
2026-02-15 03:48:49,763 Calling on_field_end with no data
2026-02-15 03:48:49,763 Calling on_end with no data
2026-02-15 03:49:03,619 --- BACKEND STARTING ---
2026-02-15 03:49:03,664 --- BACKEND STARTING ---
2026-02-15 03:49:04,111 DEBUG: Loading auth.py module
2026-02-15 03:49:04,135 DEBUG: Loading auth.py module
2026-02-15 03:49:15,667 DEBUG: Attempting to send verification email to cors_debug_1771123751@test.com
2026-02-15 03:49:15,767 DEBUG: Initializing EmailService. Key present: True
2026-02-15 03:49:15,767 DEBUG: Key value (first 4): re_c
2026-02-15 03:49:15,767 \u2705 Email service initialized (Resend)
2026-02-15 03:49:15,769 Starting new HTTPS connection (1): api.resend.com:443
2026-02-15 03:49:16,472 https://api.resend.com:443 "POST /emails HTTP/1.1" 403 None
2026-02-15 03:49:16,473 \u274c Failed to send verification email to cors_debug_1771123751@test.com: You can only send testing emails to your own email address (hamzi207@gmail.com). To send emails to other recipients, please verify a domain at resend.com/domains, and change the `from` address to an email using this domain.
2026-02-15 03:49:16,475 Traceback (most recent call last):
  File "D:\SpicedProjects\Projects\productlogik\backend\services\email_service.py", line 562, in send_verification_email
    response = resend.Emails.send(params)
  File "C:\Users\Hamza Latif\AppData\Local\Programs\Python\Python313\Lib\site-packages\resend\emails\_emails.py", line 277, in send
    ).perform_with_content()
      ~~~~~~~~~~~~~~~~~~~~^^
  File "C:\Users\Hamza Latif\AppData\Local\Programs\Python\Python313\Lib\site-packages\resend\request.py", line 44, in perform_with_content
    resp = self.perform()
  File "C:\Users\Hamza Latif\AppData\Local\Programs\Python\Python313\Lib\site-packages\resend\request.py", line 35, in perform
    raise_for_code_and_type(
    ~~~~~~~~~~~~~~~~~~~~~~~^
        code=data.get("statusCode") or 500,
        ^^^^^^^^^^^^^^^^^^^^^^^^^^^^^^^^^^^
        message=data.get("message", "Unknown error"),
        ^^^^^^^^^^^^^^^^^^^^^^^^^^^^^^^^^^^^^^^^^^^^^
        error_type=data.get("name", "InternalServerError"),
        ^^^^^^^^^^^^^^^^^^^^^^^^^^^^^^^^^^^^^^^^^^^^^^^^^^^
    )
    ^
  File "C:\Users\Hamza Latif\AppData\Local\Programs\Python\Python313\Lib\site-packages\resend\exceptions.py", line 247, in raise_for_code_and_type
    raise ResendError(
        code=code, message=message, error_type=error_type, suggested_action=""
    )
resend.exceptions.ResendError: You can only send testing emails to your own email address (hamzi207@gmail.com). To send emails to other recipients, please verify a domain at resend.com/domains, and change the `from` address to an email using this domain.

2026-02-15 03:49:16,476 DEBUG: Email sent result: False
2026-02-15 03:49:16,476 \u26a0\ufe0f Email failed to send, but creating user anyway for debugging
2026-02-15 03:49:20,729 Calling on_field_start with no data
2026-02-15 03:49:20,729 Calling on_field_name with data[0:8]
2026-02-15 03:49:20,729 Calling on_field_data with data[9:41]
2026-02-15 03:49:20,729 Calling on_field_end with no data
2026-02-15 03:49:20,729 Calling on_field_start with no data
2026-02-15 03:49:20,729 Calling on_field_name with data[42:50]
2026-02-15 03:49:20,729 Calling on_field_data with data[51:62]
2026-02-15 03:49:20,730 Calling on_field_end with no data
2026-02-15 03:49:20,730 Calling on_end with no data
2026-02-15 03:49:43,143 --- BACKEND STARTING ---
2026-02-15 03:49:43,495 DEBUG: Loading auth.py module
2026-02-15 03:50:02,462 DEBUG: Attempting to send verification email to cors_debug_1771123797@test.com
2026-02-15 03:50:02,567 DEBUG: Initializing EmailService. Key present: True
2026-02-15 03:50:02,567 DEBUG: Key value (first 4): re_c
2026-02-15 03:50:02,567 \u2705 Email service initialized (Resend)
2026-02-15 03:50:02,570 Starting new HTTPS connection (1): api.resend.com:443
2026-02-15 03:50:03,450 https://api.resend.com:443 "POST /emails HTTP/1.1" 403 None
2026-02-15 03:50:03,451 \u274c Failed to send verification email to cors_debug_1771123797@test.com: You can only send testing emails to your own email address (hamzi207@gmail.com). To send emails to other recipients, please verify a domain at resend.com/domains, and change the `from` address to an email using this domain.
2026-02-15 03:50:03,453 Traceback (most recent call last):
  File "D:\SpicedProjects\Projects\productlogik\backend\services\email_service.py", line 562, in send_verification_email
    response = resend.Emails.send(params)
  File "C:\Users\Hamza Latif\AppData\Local\Programs\Python\Python313\Lib\site-packages\resend\emails\_emails.py", line 277, in send
    ).perform_with_content()
      ~~~~~~~~~~~~~~~~~~~~^^
  File "C:\Users\Hamza Latif\AppData\Local\Programs\Python\Python313\Lib\site-packages\resend\request.py", line 44, in perform_with_content
    resp = self.perform()
  File "C:\Users\Hamza Latif\AppData\Local\Programs\Python\Python313\Lib\site-packages\resend\request.py", line 35, in perform
    raise_for_code_and_type(
    ~~~~~~~~~~~~~~~~~~~~~~~^
        code=data.get("statusCode") or 500,
        ^^^^^^^^^^^^^^^^^^^^^^^^^^^^^^^^^^^
        message=data.get("message", "Unknown error"),
        ^^^^^^^^^^^^^^^^^^^^^^^^^^^^^^^^^^^^^^^^^^^^^
        error_type=data.get("name", "InternalServerError"),
        ^^^^^^^^^^^^^^^^^^^^^^^^^^^^^^^^^^^^^^^^^^^^^^^^^^^
    )
    ^
  File "C:\Users\Hamza Latif\AppData\Local\Programs\Python\Python313\Lib\site-packages\resend\exceptions.py", line 247, in raise_for_code_and_type
    raise ResendError(
        code=code, message=message, error_type=error_type, suggested_action=""
    )
resend.exceptions.ResendError: You can only send testing emails to your own email address (hamzi207@gmail.com). To send emails to other recipients, please verify a domain at resend.com/domains, and change the `from` address to an email using this domain.

2026-02-15 03:50:03,453 DEBUG: Email sent result: False
2026-02-15 03:50:03,453 \u26a0\ufe0f Email failed to send, but creating user anyway for debugging
2026-02-15 03:50:07,784 Calling on_field_start with no data
2026-02-15 03:50:07,784 Calling on_field_name with data[0:8]
2026-02-15 03:50:07,784 Calling on_field_data with data[9:41]
2026-02-15 03:50:07,784 Calling on_field_end with no data
2026-02-15 03:50:07,784 Calling on_field_start with no data
2026-02-15 03:50:07,784 Calling on_field_name with data[42:50]
2026-02-15 03:50:07,784 Calling on_field_data with data[51:62]
2026-02-15 03:50:07,785 Calling on_field_end with no data
2026-02-15 03:50:07,785 Calling on_end with no data
2026-02-15 03:50:10,169 Calling on_part_begin with no data
2026-02-15 03:50:10,169 Calling on_header_field with data[36:55]
2026-02-15 03:50:10,169 Calling on_header_value with data[57:100]
2026-02-15 03:50:10,169 Calling on_header_end with no data
2026-02-15 03:50:10,169 Calling on_headers_finished with no data
2026-02-15 03:50:10,169 Calling on_part_data with data[104:119]
2026-02-15 03:50:10,169 Calling on_part_end with no data
2026-02-15 03:50:10,169 Calling on_end with no data
2026-02-15 03:50:38,960 --- BACKEND STARTING ---
2026-02-15 03:50:39,320 DEBUG: Loading auth.py module
2026-02-15 03:50:45,443 --- BACKEND STARTING ---
2026-02-15 03:50:45,806 DEBUG: Loading auth.py module
2026-02-15 03:51:32,877 --- BACKEND STARTING ---
2026-02-15 03:51:33,235 DEBUG: Loading auth.py module
2026-02-15 03:53:07,933 --- BACKEND STARTING ---
2026-02-15 03:53:08,384 DEBUG: Loading auth.py module
2026-02-15 03:54:29,430 --- BACKEND STARTING ---
2026-02-15 03:54:29,752 DEBUG: Loading auth.py module
2026-02-15 04:03:25,496 --- BACKEND STARTING ---
2026-02-15 04:03:25,959 DEBUG: Loading auth.py module
2026-02-15 04:04:31,350 --- BACKEND STARTING ---
2026-02-15 04:04:31,753 DEBUG: Loading auth.py module
2026-02-15 04:10:04,254 --- BACKEND STARTING ---
2026-02-15 04:10:04,611 DEBUG: Loading auth.py module
2026-02-15 04:11:52,218 --- BACKEND STARTING ---
2026-02-15 04:11:52,691 DEBUG: Loading auth.py module
2026-02-15 04:12:45,782 --- BACKEND STARTING ---
2026-02-15 04:12:46,182 DEBUG: Loading auth.py module
2026-02-15 04:12:48,641 --- BACKEND STARTING ---
2026-02-15 04:12:49,035 DEBUG: Loading auth.py module
2026-02-15 04:12:51,666 --- BACKEND STARTING ---
2026-02-15 04:12:52,122 DEBUG: Loading auth.py module
2026-02-15 04:13:53,776 --- BACKEND STARTING ---
2026-02-15 04:13:54,156 DEBUG: Loading auth.py module
2026-02-15 04:14:43,295 --- BACKEND STARTING ---
2026-02-15 04:14:43,624 DEBUG: Loading auth.py module
2026-02-15 04:15:53,454 --- BACKEND STARTING ---
2026-02-15 04:15:53,929 DEBUG: Loading auth.py module
2026-02-15 04:17:25,262 --- BACKEND STARTING ---
2026-02-15 04:17:25,970 DEBUG: Loading auth.py module
2026-02-15 04:17:36,728 Calling on_part_begin with no data
2026-02-15 04:17:36,728 Calling on_header_field with data[42:61]
2026-02-15 04:17:36,728 Calling on_header_value with data[63:89]
2026-02-15 04:17:36,728 Calling on_header_end with no data
2026-02-15 04:17:36,728 Calling on_headers_finished with no data
2026-02-15 04:17:36,728 Calling on_part_data with data[93:111]
2026-02-15 04:17:36,728 Calling on_part_end with no data
2026-02-15 04:17:36,728 Calling on_part_begin with no data
2026-02-15 04:17:36,728 Calling on_header_field with data[155:174]
2026-02-15 04:17:36,728 Calling on_header_value with data[176:202]
2026-02-15 04:17:36,728 Calling on_header_end with no data
2026-02-15 04:17:36,728 Calling on_headers_finished with no data
2026-02-15 04:17:36,728 Calling on_part_data with data[206:216]
2026-02-15 04:17:36,729 Calling on_part_end with no data
2026-02-15 04:17:36,729 Calling on_end with no data
2026-02-15 04:21:24,263 --- BACKEND STARTING ---
2026-02-15 04:21:24,787 DEBUG: Loading auth.py module
2026-02-15 04:26:35,075 --- BACKEND STARTING ---
2026-02-15 04:26:35,540 DEBUG: Loading auth.py module
2026-02-15 04:27:57,043 --- BACKEND STARTING ---
2026-02-15 04:27:57,460 DEBUG: Loading auth.py module
2026-02-15 04:31:48,746 --- BACKEND STARTING ---
2026-02-15 04:31:49,219 DEBUG: Loading auth.py module
2026-02-15 04:32:05,183 Calling on_part_begin with no data
2026-02-15 04:32:05,183 Calling on_header_field with data[42:61]
2026-02-15 04:32:05,183 Calling on_header_value with data[63:89]
2026-02-15 04:32:05,183 Calling on_header_end with no data
2026-02-15 04:32:05,183 Calling on_headers_finished with no data
2026-02-15 04:32:05,184 Calling on_part_data with data[93:111]
2026-02-15 04:32:05,184 Calling on_part_end with no data
2026-02-15 04:32:05,184 Calling on_part_begin with no data
2026-02-15 04:32:05,184 Calling on_header_field with data[155:174]
2026-02-15 04:32:05,184 Calling on_header_value with data[176:202]
2026-02-15 04:32:05,184 Calling on_header_end with no data
2026-02-15 04:32:05,184 Calling on_headers_finished with no data
2026-02-15 04:32:05,184 Calling on_part_data with data[206:216]
2026-02-15 04:32:05,184 Calling on_part_end with no data
2026-02-15 04:32:05,184 Calling on_end with no data
2026-02-15 13:47:17,178 --- BACKEND STARTING ---
2026-02-15 13:47:18,255 DEBUG: Loading auth.py module
2026-02-15 13:47:52,119 Calling on_part_begin with no data
2026-02-15 13:47:52,120 Calling on_header_field with data[42:61]
2026-02-15 13:47:52,120 Calling on_header_value with data[63:89]
2026-02-15 13:47:52,120 Calling on_header_end with no data
2026-02-15 13:47:52,120 Calling on_headers_finished with no data
2026-02-15 13:47:52,120 Calling on_part_data with data[93:111]
2026-02-15 13:47:52,120 Calling on_part_end with no data
2026-02-15 13:47:52,120 Calling on_part_begin with no data
2026-02-15 13:47:52,120 Calling on_header_field with data[155:174]
2026-02-15 13:47:52,121 Calling on_header_value with data[176:202]
2026-02-15 13:47:52,121 Calling on_header_end with no data
2026-02-15 13:47:52,121 Calling on_headers_finished with no data
2026-02-15 13:47:52,121 Calling on_part_data with data[206:216]
2026-02-15 13:47:52,121 Calling on_part_end with no data
2026-02-15 13:47:52,121 Calling on_end with no data
2026-02-15 13:48:09,612 DEBUG: Initializing EmailService. Key present: True
2026-02-15 13:48:09,615 DEBUG: Key value (first 4): re_c
2026-02-15 13:48:09,625 \u2705 Email service initialized (Resend)
2026-02-15 13:48:09,818 Starting new HTTPS connection (1): api.resend.com:443
2026-02-15 13:48:12,095 https://api.resend.com:443 "POST /emails HTTP/1.1" 403 None
2026-02-15 13:52:17,134 --- BACKEND STARTING ---
2026-02-15 13:52:18,067 DEBUG: Loading auth.py module
2026-02-15 14:02:37,277 --- BACKEND STARTING ---
2026-02-15 14:02:37,764 DEBUG: Loading auth.py module
2026-02-15 14:04:30,904 DEBUG: Initializing EmailService. Key present: True
2026-02-15 14:04:30,905 DEBUG: Key value (first 4): re_c
2026-02-15 14:04:30,908 \u2705 Email service initialized (Resend)
2026-02-15 14:04:31,053 Starting new HTTPS connection (1): api.resend.com:443
2026-02-15 14:04:34,584 https://api.resend.com:443 "POST /emails HTTP/1.1" 403 None
2026-02-15 14:10:20,130 Starting new HTTPS connection (1): api.resend.com:443
2026-02-15 14:10:22,140 https://api.resend.com:443 "POST /emails HTTP/1.1" 403 None
2026-02-15 14:12:37,785 --- BACKEND STARTING ---
2026-02-15 14:12:38,356 DEBUG: Loading auth.py module
2026-02-15 14:34:19,166 --- BACKEND STARTING ---
2026-02-15 14:34:20,052 DEBUG: Loading auth.py module
2026-02-15 14:34:35,907 Calling on_part_begin with no data
2026-02-15 14:34:35,908 Calling on_header_field with data[42:61]
2026-02-15 14:34:35,909 Calling on_header_value with data[63:89]
2026-02-15 14:34:35,909 Calling on_header_end with no data
2026-02-15 14:34:35,913 Calling on_headers_finished with no data
2026-02-15 14:34:35,914 Calling on_part_data with data[93:111]
2026-02-15 14:34:35,914 Calling on_part_end with no data
2026-02-15 14:34:35,914 Calling on_part_begin with no data
2026-02-15 14:34:35,915 Calling on_header_field with data[155:174]
2026-02-15 14:34:35,915 Calling on_header_value with data[176:202]
2026-02-15 14:34:35,915 Calling on_header_end with no data
2026-02-15 14:34:35,915 Calling on_headers_finished with no data
2026-02-15 14:34:35,915 Calling on_part_data with data[206:216]
2026-02-15 14:34:35,915 Calling on_part_end with no data
2026-02-15 14:34:35,915 Calling on_end with no data
2026-02-15 14:35:06,510 DEBUG: Initializing EmailService. Key present: True
2026-02-15 14:35:06,515 DEBUG: Key value (first 4): re_c
2026-02-15 14:35:06,515 \u2705 Email service initialized (Resend)
2026-02-15 14:35:06,683 Starting new HTTPS connection (1): api.resend.com:443
2026-02-15 14:35:09,004 https://api.resend.com:443 "POST /emails HTTP/1.1" 403 None
2026-02-15 14:39:19,239 --- BACKEND STARTING ---
2026-02-15 14:39:19,648 DEBUG: Loading auth.py module
